NOTE from PE     0: MPP_DOMAINS_SET_STACK_SIZE: stack size set to    32768.
NOTE from PE     0: MPP_DOMAINS_SET_STACK_SIZE: stack size set to  5000000.
NOTE from PE     0: field_manager_init:: You are using the legacy version of the field_table
 
 Dumping coupler_mod/types tree
types/
      air_sea_gas_flux_generic/
            implementation/
                  ocmip2/
                        num_parameters = 2
                  duce/
                        num_parameters = 1
                  johnson/
                        num_parameters = 2
            num_flags = 0
            use_atm_pressure = T
            use_10m_wind_speed = T
            pass_through_ice = F
            atm/
                  name[1] = 'pcair'
                  name[2] = 'u10'
                  name[3] = 'psurf'
                  long_name[1] = 'Atmospheric concentration'
                  long_name[2] = 'Wind speed at 10 m'
                  long_name[3] = 'Surface atmospheric pressure'
                  units[1] = 'mol/mol'
                  units[2] = 'm/s'
                  units[3] = 'Pa'
            ice/
                  name[1] = 'alpha'
                  name[2] = 'csurf'
                  name[3] = 'sc_no'
                  long_name[1] = 'Solubility w.r.t. atmosphere'
                  long_name[2] = 'Ocean concentration'
                  long_name[3] = 'Schmidt number'
                  units[1] = 'mol/m^3/atm'
                  units[2] = 'mol/m^3'
                  units[3] = 'dimensionless'
            flux/
                  name[1] = 'flux'
                  name[2] = 'deltap'
                  name[3] = 'kw'
                  name[4] = 'flux0'
                  long_name[1] = 'Surface flux'
                  long_name[2] = 'Ocean-air delta pressure'
                  long_name[3] = 'Piston velocity'
                  long_name[4] = 'Surface flux no atm'
                  units[1] = 'mol/m^2/s'
                  units[2] = 'uatm'
                  units[3] = 'm/s'
                  units[4] = 'mol/m^2/s'
      air_sea_gas_flux/
            implementation/
                  ocmip2/
                        num_parameters = 2
                  ocmip2_data/
                        num_parameters = 2
                  linear/
                        num_parameters = 3
            num_flags = 0
            use_atm_pressure = T
            use_10m_wind_speed = T
            pass_through_ice = F
            atm/
                  name[1] = 'pcair'
                  name[2] = 'u10'
                  name[3] = 'psurf'
                  long_name[1] = 'Atmospheric concentration'
                  long_name[2] = 'Wind speed at 10 m'
                  long_name[3] = 'Surface atmospheric pressure'
                  units[1] = 'mol/mol'
                  units[2] = 'm/s'
                  units[3] = 'Pa'
            ice/
                  name[1] = 'alpha'
                  name[2] = 'csurf'
                  long_name[1] = 'Solubility from atmosphere times Schmidt number term'
                  long_name[2] = 'Ocean concentration times Schmidt number term'
                  units[1] = 'mol/m^3/atm'
                  units[2] = 'mol/m^3'
            flux/
                  name = 'flux'
                  long_name = 'Surface flux'
                  units = 'mol/m^2/s'
      air_sea_deposition/
            implementation/
                  dry/
                        num_parameters = 1
                  wet/
                        num_parameters = 1
            num_flags = 0
            use_atm_pressure = F
            use_10m_wind_speed = F
            pass_through_ice = T
            atm/
                  name = 'deposition'
                  long_name = 'Atmospheric deposition'
                  units = 'kg/m^2/s'
            ice/
                  name = NULL
                  long_name = NULL
                  units = NULL
            flux/
                  name = 'flux'
                  long_name = 'Surface deposition'
                  units = 'mol/m^2/s'
      land_sea_runoff/
            implementation/
                  river/
                        num_parameters = 1
            num_flags = 0
            use_atm_pressure = F
            use_10m_wind_speed = F
            pass_through_ice = T
            atm/
                  name = 'runoff'
                  long_name = 'Concentration in land runoff'
                  units = 'mol/m^3'
            ice/
                  name = NULL
                  long_name = NULL
                  units = NULL
            flux/
                  name = 'flux'
                  long_name = 'Concentration in land runoff'
                  units = 'mol/m^3'
NOTE from PE     0: open_param_file: MOM_input has been opened successfully.
NOTE from PE     0: open_param_file: MOM_override has been opened successfully.
NOTE from PE     0: close_param_file: MOM_input has been closed successfully.
NOTE from PE     0: close_param_file: MOM_override has been closed successfully.
 ==>Note from atmos_ocean_fluxes_mod(atmos_ocean_fluxes_init): No gas fluxes
NOTE from PE     0: callTree: ---> ocean_model_init(), ocean_model_MOM.F90
NOTE from PE     0: open_param_file: MOM_input has been opened successfully.
NOTE from PE     0: open_param_file: MOM_override has been opened successfully.
NOTE from PE     0: Found the optimum layout for auto-masking. Terminating iteration...
NOTE from PE     0: MOM_domains_init: reading maskmap information from MOM_auto_mask_table
 MOM_in domain decomposition
whalo =    4, ehalo =    4, shalo =    4, nhalo =    4
  X-AXIS =   30  30  30  30  30  30  30  30  30  30  30  30
  Y-AXIS =   17  17  17  17  17  17  16  16  16  16  16  16  17  17  17  17  17  17
 MOM_inc domain decomposition
whalo =    2, ehalo =    2, shalo =    2, nhalo =    2
  X-AXIS =   15  15  15  15  15  15  15  15  15  15  15  15
  Y-AXIS =    9   9   9   8   8   8   8   8   8   8   8   8   8   8   8   9   9   9
 parse_mask_table: Number of domain regions masked in MOM_in =           22
 MOM_in domain decomposition
whalo =    4, ehalo =    4, shalo =    4, nhalo =    4
  X-AXIS =   22  22  21  21  21  21  21  21  20  21  21  21  21  21  21  22  22
  Y-AXIS =   22  22  22  21  21  21  21  21  21  21  21  22  22  22
 MOM_inc domain decomposition
whalo =    2, ehalo =    2, shalo =    2, nhalo =    2
  X-AXIS =   11  11  11  11  11  10  10  10  10  10  10  10  11  11  11  11  11
  Y-AXIS =   11  11  11  11  11  10  10  10  10  11  11  11  11  11
NOTE from PE     0: diag_manager_mod::diag_manager_init: prepend_date only supported when diag_manager_init is called with time_init present.
NOTE from PE     0: diag_manager_mod::diag_manager_init: You are using the legacy version of the diag table
 MOM_in domain decomposition
whalo =    4, ehalo =    4, shalo =    4, nhalo =    4
  X-AXIS =   22  22  21  21  21  21  21  21  20  21  21  21  21  21  21  22  22
  Y-AXIS =   22  22  22  21  21  21  21  21  21  21  21  22  22  22
 MOM_in domain decomposition
whalo =    2, ehalo =    2, shalo =    2, nhalo =    2
  X-AXIS =   11  11  11  11  11  10  10  10  10  10  10  10  11  11  11  11  11
  Y-AXIS =   11  11  11  11  11  10  10  10  10  11  11  11  11  11
 MOM_MOSAIC domain decomposition
whalo =    9, ehalo =    9, shalo =    9, nhalo =    9
  X-AXIS =   44  44  42  42  42  42  42  42  40  42  42  42  42  42  42  44  44
  Y-AXIS =   44  44  44  42  42  42  42  42  42  42  42  44  44  44
 MOM_MOSAIC domain decomposition
whalo =    4, ehalo =    4, shalo =    4, nhalo =    4
  X-AXIS =   22  22  21  21  21  21  21  21  20  21  21  21  21  21  21  22  22
  Y-AXIS =   22  22  22  21  21  21  21  21  21  21  21  22  22  22
 MOM_in domain decomposition
whalo =    4, ehalo =    4, shalo =    4, nhalo =    4
  X-AXIS =   30  30  30  30  30  30  30  30  30  30  30  30
  Y-AXIS =   17  17  17  17  17  17  16  16  16  16  16  16  17  17  17  17  17  17
 MOM_in domain decomposition
whalo =    2, ehalo =    2, shalo =    2, nhalo =    2
  X-AXIS =   15  15  15  15  15  15  15  15  15  15  15  15
  Y-AXIS =    9   9   9   8   8   8   8   8   8   8   8   8   8   8   8   9   9   9
 MOM_MOSAIC domain decomposition
whalo =    9, ehalo =    9, shalo =    9, nhalo =    9
  X-AXIS =   60  60  60  60  60  60  60  60  60  60  60  60
  Y-AXIS =   34  34  34  34  34  34  32  32  32  32  32  32  34  34  34  34  34  34
 MOM_MOSAIC domain decomposition
whalo =    4, ehalo =    4, shalo =    4, nhalo =    4
  X-AXIS =   30  30  30  30  30  30  30  30  30  30  30  30
  Y-AXIS =   17  17  17  17  17  17  16  16  16  16  16  16  17  17  17  17  17  17
 MOM_in domain decomposition
whalo =    4, ehalo =    4, shalo =    4, nhalo =    4
  X-AXIS =   30  30  30  30  30  30  30  30  30  30  30  30
  Y-AXIS =   17  17  17  17  17  17  16  16  16  16  16  16  17  17  17  17  17  17
 MOM_in domain decomposition
whalo =    2, ehalo =    2, shalo =    2, nhalo =    2
  X-AXIS =   15  15  15  15  15  15  15  15  15  15  15  15
  Y-AXIS =    9   9   9   8   8   8   8   8   8   8   8   8   8   8   8   9   9   9
 MOM_in domain decomposition
whalo =    4, ehalo =    4, shalo =    4, nhalo =    4
  X-AXIS =   22  22  21  21  21  21  21  21  20  21  21  21  21  21  21  22  22
  Y-AXIS =   22  22  22  21  21  21  21  21  21  21  21  22  22  22
 MOM_in domain decomposition
whalo =    2, ehalo =    2, shalo =    2, nhalo =    2
  X-AXIS =   11  11  11  11  11  10  10  10  10  10  10  10  11  11  11  11  11
  Y-AXIS =   11  11  11  11  11  10  10  10  10  11  11  11  11  11
 MOM_in domain decomposition
whalo =    4, ehalo =    4, shalo =    4, nhalo =    4
  X-AXIS =   22  22  21  21  21  21  21  21  20  21  21  21  21  21  21  22  22
  Y-AXIS =   22  22  22  21  21  21  21  21  21  21  21  22  22  22
 MOM_in domain decomposition
whalo =    2, ehalo =    2, shalo =    2, nhalo =    2
  X-AXIS =   11  11  11  11  11  10  10  10  10  10  10  10  11  11  11  11  11
  Y-AXIS =   11  11  11  11  11  10  10  10  10  11  11  11  11  11
NOTE from PE     0: MOM_restart: MOM run restarted using : ./access-om3.mom6.r.1902-10-01-00000.nc
NOTE from PE     0: MOM_restart: Unable to find MEKE_Le queried by pointer, probably because of the suspect comparison of pointers by ASSOCIATED.
NOTE from PE     0: MOM_restart: Unknown restart variable MEKE_Le queried for initialization.
 MOM_in domain decomposition
whalo =    4, ehalo =    4, shalo =    4, nhalo =    4
  X-AXIS =   22  22  21  21  21  21  21  21  20  21  21  21  21  21  21  22  22
  Y-AXIS =   22  22  22  21  21  21  21  21  21  21  21  22  22  22
 MOM_in domain decomposition
whalo =    2, ehalo =    2, shalo =    2, nhalo =    2
  X-AXIS =   11  11  11  11  11  10  10  10  10  10  10  10  11  11  11  11  11
  Y-AXIS =   11  11  11  11  11  10  10  10  10  11  11  11  11  11

WARNING from PE     0: set_diffusivity_init: SIMPLE_TKE_TO_KD can not be used reliably with USE_REGRIDDING.

 MOM_in domain decomposition
whalo =    0, ehalo =    0, shalo =    0, nhalo =    0
  X-AXIS =   22  22  21  21  21  21  21  21  20  21  21  21  21  21  21  22  22
  Y-AXIS =   22  22  22  21  21  21  21  21  21  21  21  22  22  22
NOTE from PE     0: data_override_init: You are using the legacy version of the data table.
NOTE from PE     0: data_override_mod: File data_table does not exist.
NOTE from PE     0: data_table is empty, not doing any data_overrides
NOTE from PE     0: data_override_init: You are using the legacy version of the data table.
NOTE from PE     0: data_override_mod: File data_table does not exist.
NOTE from PE     0: data_table is empty, not doing any data_overrides
 WAV: PIO numiotasks=           1
 WAV: PIO stride=           1
 WAV: PIO rearranger=           1
 WAV: PIO root=           1
WW3: reading initial/restart file access-om3.ww3.r.1902-10-01-00000
 WW3 log written to /scratch/ps29/nd0349/access-om3/work/IC4M8-MCW-100km_jra_ryf
 /./log/wav.log
-------->(med_phases_restart_read) mediating for: 1902 10  1  0  0  0   0
 MOM_in domain decomposition
whalo =    4, ehalo =    4, shalo =    4, nhalo =    4
  X-AXIS =   22  22  21  21  21  21  21  21  20  21  21  21  21  21  21  22  22
  Y-AXIS =   22  22  22  21  21  21  21  21  21  21  21  22  22  22
 MOM_in domain decomposition
whalo =    2, ehalo =    2, shalo =    2, nhalo =    2
  X-AXIS =   11  11  11  11  11  10  10  10  10  10  10  10  11  11  11  11  11
  Y-AXIS =   11  11  11  11  11  10  10  10  10  11  11  11  11  11
  max rss=797024256.0 MB
  max rss=797024256.0 MB
  (icepack_step_wavefracture)warning: step_wavefracture struggling to converge
  (icepack_step_wavefracture)warning: step_wavefracture struggling to converge
  (icepack_step_wavefracture)warning: step_wavefracture struggling to converge
  (icepack_step_wavefracture)warning: step_wavefracture struggling to converge
  (icepack_step_wavefracture)warning: step_wavefracture struggling to converge
  (icepack_step_wavefracture)warning: step_wavefracture struggling to converge
  (icepack_step_wavefracture)warning: step_wavefracture struggling to converge
  (icepack_step_wavefracture)warning: step_wavefracture struggling to converge
  (icepack_step_wavefracture)warning: step_wavefracture struggling to converge
  (icepack_step_wavefracture)warning: step_wavefracture struggling to converge
  (icepack_step_wavefracture)warning: step_wavefracture struggling to converge
  (icepack_step_wavefracture)warning: step_wavefracture struggling to converge
  (icepack_step_wavefracture)warning: step_wavefracture struggling to converge
  (icepack_step_wavefracture)warning: step_wavefracture struggling to converge
  (icepack_step_wavefracture)warning: step_wavefracture struggling to converge
  (icepack_step_wavefracture)warning: step_wavefracture struggling to converge
  (icepack_step_wavefracture)warning: step_wavefracture struggling to converge
  (icepack_step_wavefracture)warning: step_wavefracture struggling to converge
  (icepack_step_wavefracture)warning: step_wavefracture struggling to converge
  (icepack_step_wavefracture)warning: step_wavefracture struggling to converge
  (icepack_step_wavefracture)warning: step_wavefracture struggling to converge
  (icepack_step_wavefracture)warning: step_wavefracture struggling to converge
  (icepack_step_wavefracture)warning: step_wavefracture struggling to converge
  (icepack_step_wavefracture)warning: step_wavefracture struggling to converge
  (icepack_step_wavefracture)warning: step_wavefracture struggling to converge
  (icepack_step_wavefracture)warning: step_wavefracture struggling to converge
  (icepack_step_wavefracture)warning: step_wavefracture struggling to converge
  (icepack_step_wavefracture)warning: step_wavefracture struggling to converge
  (icepack_step_wavefracture)warning: step_wavefracture struggling to converge
  (icepack_step_wavefracture)warning: step_wavefracture struggling to converge
  (icepack_step_wavefracture)warning: step_wavefracture struggling to converge
  (icepack_step_wavefracture)warning: step_wavefracture struggling to converge
  (icepack_step_wavefracture)warning: step_wavefracture struggling to converge
  (icepack_step_wavefracture)warning: step_wavefracture struggling to converge
  (icepack_step_wavefracture)warning: step_wavefracture struggling to converge
  (icepack_step_wavefracture)warning: step_wavefracture struggling to converge
  (icepack_step_wavefracture)warning: step_wavefracture struggling to converge
  (icepack_step_wavefracture)warning: step_wavefracture struggling to converge
  (icepack_step_wavefracture)warning: step_wavefracture struggling to converge
  (icepack_step_wavefracture)warning: step_wavefracture struggling to converge
  (icepack_step_wavefracture)warning: step_wavefracture struggling to converge
  (icepack_step_wavefracture)warning: step_wavefracture struggling to converge
  (icepack_step_wavefracture)warning: step_wavefracture struggling to converge
  (icepack_step_wavefracture)warning: step_wavefracture struggling to converge
  (icepack_step_wavefracture)warning: step_wavefracture struggling to converge
  (icepack_step_wavefracture)warning: step_wavefracture struggling to converge
  (icepack_step_wavefracture)warning: step_wavefracture struggling to converge
  (icepack_step_wavefracture)warning: step_wavefracture struggling to converge
  (icepack_step_wavefracture)warning: step_wavefracture struggling to converge
  (icepack_step_wavefracture)warning: step_wavefracture struggling to converge
  (icepack_step_wavefracture)warning: step_wavefracture struggling to converge
  (icepack_step_wavefracture)warning: step_wavefracture struggling to converge
  (icepack_step_wavefracture)warning: step_wavefracture struggling to converge
  (icepack_step_wavefracture)warning: step_wavefracture struggling to converge
  (icepack_step_wavefracture)warning: step_wavefracture struggling to converge
  (icepack_step_wavefracture)warning: step_wavefracture struggling to converge
  (icepack_step_wavefracture)warning: step_wavefracture struggling to converge
  (icepack_step_wavefracture)warning: step_wavefracture struggling to converge
  (icepack_step_wavefracture)warning: step_wavefracture struggling to converge
  (icepack_step_wavefracture)warning: step_wavefracture struggling to converge
  (icepack_step_wavefracture)warning: step_wavefracture struggling to converge
  (icepack_step_wavefracture)warning: step_wavefracture struggling to converge
  (icepack_step_wavefracture)warning: step_wavefracture struggling to converge
  (icepack_step_wavefracture)warning: step_wavefracture struggling to converge
  (icepack_step_wavefracture)warning: step_wavefracture struggling to converge
  (icepack_step_wavefracture)warning: step_wavefracture struggling to converge
  (icepack_step_wavefracture)warning: step_wavefracture struggling to converge
  (icepack_step_wavefracture)warning: step_wavefracture struggling to converge
  (icepack_step_wavefracture)warning: step_wavefracture struggling to converge
  (icepack_step_wavefracture)warning: step_wavefracture struggling to converge
  (icepack_step_wavefracture)warning: step_wavefracture struggling to converge
  (icepack_step_wavefracture)warning: step_wavefracture struggling to converge
  (icepack_step_wavefracture)warning: step_wavefracture struggling to converge
  (icepack_step_wavefracture)warning: step_wavefracture struggling to converge
  (icepack_step_wavefracture)warning: step_wavefracture struggling to converge
  (icepack_step_wavefracture)warning: step_wavefracture struggling to converge
  (icepack_step_wavefracture)warning: step_wavefracture struggling to converge
  (icepack_step_wavefracture)warning: step_wavefracture struggling to converge
  (icepack_step_wavefracture)warning: step_wavefracture struggling to converge
  (icepack_step_wavefracture)warning: step_wavefracture struggling to converge
  (icepack_step_wavefracture)warning: step_wavefracture struggling to converge
  (icepack_step_wavefracture)warning: step_wavefracture struggling to converge
  (icepack_step_wavefracture)warning: step_wavefracture struggling to converge
  (icepack_step_wavefracture)warning: step_wavefracture struggling to converge
  (icepack_step_wavefracture)warning: step_wavefracture struggling to converge
  (icepack_step_wavefracture)warning: step_wavefracture struggling to converge
  (icepack_step_wavefracture)warning: step_wavefracture struggling to converge
  (icepack_step_wavefracture)warning: step_wavefracture struggling to converge
  (icepack_step_wavefracture)warning: step_wavefracture struggling to converge
  (icepack_step_wavefracture)warning: step_wavefracture struggling to converge
  (icepack_step_wavefracture)warning: step_wavefracture struggling to converge
  (icepack_step_wavefracture)warning: step_wavefracture struggling to converge
  (icepack_step_wavefracture)warning: step_wavefracture struggling to converge
  (icepack_step_wavefracture)warning: step_wavefracture struggling to converge
  (icepack_step_wavefracture)warning: step_wavefracture struggling to converge
  (icepack_step_wavefracture)warning: step_wavefracture struggling to converge
  (icepack_step_wavefracture)warning: step_wavefracture struggling to converge
  (icepack_step_wavefracture)warning: step_wavefracture struggling to converge
  (icepack_step_wavefracture)warning: step_wavefracture struggling to converge
  (icepack_step_wavefracture)warning: step_wavefracture struggling to converge
  (icepack_step_wavefracture)warning: step_wavefracture struggling to converge
  (icepack_step_wavefracture)warning: step_wavefracture struggling to converge
  (icepack_step_wavefracture)warning: step_wavefracture struggling to converge
  (icepack_step_wavefracture)warning: step_wavefracture struggling to converge
  (icepack_step_wavefracture)warning: step_wavefracture struggling to converge
  (icepack_step_wavefracture)warning: step_wavefracture struggling to converge
  (icepack_step_wavefracture)warning: step_wavefracture struggling to converge
  (icepack_step_wavefracture)warning: step_wavefracture struggling to converge
  (icepack_step_wavefracture)warning: step_wavefracture struggling to converge
  (icepack_step_wavefracture)warning: step_wavefracture struggling to converge
  (icepack_step_wavefracture)warning: step_wavefracture struggling to converge
  (icepack_step_wavefracture)warning: step_wavefracture struggling to converge
  (icepack_step_wavefracture)warning: step_wavefracture struggling to converge
  (icepack_step_wavefracture)warning: step_wavefracture struggling to converge
  (icepack_step_wavefracture)warning: step_wavefracture struggling to converge
  (icepack_step_wavefracture)warning: step_wavefracture struggling to converge
  (icepack_step_wavefracture)warning: step_wavefracture struggling to converge
  (icepack_step_wavefracture)warning: step_wavefracture struggling to converge
  (icepack_step_wavefracture)warning: step_wavefracture struggling to converge
  (icepack_step_wavefracture)warning: step_wavefracture struggling to converge
  (icepack_step_wavefracture)warning: step_wavefracture struggling to converge
  (icepack_step_wavefracture)warning: step_wavefracture struggling to converge
  (icepack_step_wavefracture)warning: step_wavefracture struggling to converge
  (icepack_step_wavefracture)warning: step_wavefracture struggling to converge
  (icepack_step_wavefracture)warning: step_wavefracture struggling to converge
  (icepack_step_wavefracture)warning: step_wavefracture struggling to converge
  (icepack_step_wavefracture)warning: step_wavefracture struggling to converge
  (icepack_step_wavefracture)warning: step_wavefracture struggling to converge
  (icepack_step_wavefracture)warning: step_wavefracture struggling to converge
  (icepack_step_wavefracture)warning: step_wavefracture struggling to converge
  (icepack_step_wavefracture)warning: step_wavefracture struggling to converge
  (icepack_step_wavefracture)warning: step_wavefracture struggling to converge
  (icepack_step_wavefracture)warning: step_wavefracture struggling to converge
  (icepack_step_wavefracture)warning: step_wavefracture struggling to converge
  (icepack_step_wavefracture)warning: step_wavefracture struggling to converge
  (icepack_step_wavefracture)warning: step_wavefracture struggling to converge
  (icepack_step_wavefracture)warning: step_wavefracture struggling to converge
  (icepack_step_wavefracture)warning: step_wavefracture struggling to converge
  (icepack_step_wavefracture)warning: step_wavefracture struggling to converge
  (icepack_step_wavefracture)warning: step_wavefracture struggling to converge
  (icepack_step_wavefracture)warning: step_wavefracture struggling to converge
  (icepack_step_wavefracture)warning: step_wavefracture struggling to converge
  (icepack_step_wavefracture)warning: step_wavefracture struggling to converge
  (icepack_step_wavefracture)warning: step_wavefracture struggling to converge
  (icepack_step_wavefracture)warning: step_wavefracture struggling to converge
  (icepack_step_wavefracture)warning: step_wavefracture struggling to converge
  (icepack_step_wavefracture)warning: step_wavefracture struggling to converge
  (icepack_step_wavefracture)warning: step_wavefracture struggling to converge
  (icepack_step_wavefracture)warning: step_wavefracture struggling to converge
  (icepack_step_wavefracture)warning: step_wavefracture struggling to converge
  (icepack_step_wavefracture)warning: step_wavefracture struggling to converge
  (icepack_step_wavefracture)warning: step_wavefracture struggling to converge
  (icepack_step_wavefracture)warning: step_wavefracture struggling to converge
  (icepack_step_wavefracture)warning: step_wavefracture struggling to converge
  (icepack_step_wavefracture)warning: step_wavefracture struggling to converge
  (icepack_step_wavefracture)warning: step_wavefracture struggling to converge
  (icepack_step_wavefracture)warning: step_wavefracture struggling to converge
  (icepack_step_wavefracture)warning: step_wavefracture struggling to converge
  (icepack_step_wavefracture)warning: step_wavefracture struggling to converge
  (icepack_step_wavefracture)warning: step_wavefracture struggling to converge
  (icepack_step_wavefracture)warning: step_wavefracture struggling to converge
  (icepack_step_wavefracture)warning: step_wavefracture struggling to converge
  (icepack_step_wavefracture)warning: step_wavefracture struggling to converge
  (icepack_step_wavefracture)warning: step_wavefracture struggling to converge
  (icepack_step_wavefracture)warning: step_wavefracture struggling to converge
  (icepack_step_wavefracture)warning: step_wavefracture struggling to converge
  (icepack_step_wavefracture)warning: step_wavefracture struggling to converge
  (icepack_step_wavefracture)warning: step_wavefracture struggling to converge
  (icepack_step_wavefracture)warning: step_wavefracture struggling to converge
  (icepack_step_wavefracture)warning: step_wavefracture struggling to converge
  (icepack_step_wavefracture)warning: step_wavefracture struggling to converge
  (icepack_step_wavefracture)warning: step_wavefracture struggling to converge
  (icepack_step_wavefracture)warning: step_wavefracture struggling to converge
  (icepack_step_wavefracture)warning: step_wavefracture struggling to converge
  (icepack_step_wavefracture)warning: step_wavefracture struggling to converge
  (icepack_step_wavefracture)warning: step_wavefracture struggling to converge
  (icepack_step_wavefracture)warning: step_wavefracture struggling to converge
  (icepack_step_wavefracture)warning: step_wavefracture struggling to converge
  (icepack_step_wavefracture)warning: step_wavefracture struggling to converge
  (icepack_step_wavefracture)warning: step_wavefracture struggling to converge
  (icepack_step_wavefracture)warning: step_wavefracture struggling to converge
  (icepack_step_wavefracture)warning: step_wavefracture struggling to converge
  (icepack_step_wavefracture)warning: step_wavefracture struggling to converge
  (icepack_step_wavefracture)warning: step_wavefracture struggling to converge
  (icepack_step_wavefracture)warning: step_wavefracture struggling to converge
  (icepack_step_wavefracture)warning: step_wavefracture struggling to converge
  (icepack_step_wavefracture)warning: step_wavefracture struggling to converge
  (icepack_step_wavefracture)warning: step_wavefracture struggling to converge
  (icepack_step_wavefracture)warning: step_wavefracture struggling to converge
  (icepack_step_wavefracture)warning: step_wavefracture struggling to converge
  (icepack_step_wavefracture)warning: step_wavefracture struggling to converge
  (icepack_step_wavefracture)warning: step_wavefracture struggling to converge
  (icepack_step_wavefracture)warning: step_wavefracture struggling to converge
  (icepack_step_wavefracture)warning: step_wavefracture struggling to converge
  (icepack_step_wavefracture)warning: step_wavefracture struggling to converge
  (icepack_step_wavefracture)warning: step_wavefracture struggling to converge
  (icepack_step_wavefracture)warning: step_wavefracture struggling to converge
  (icepack_step_wavefracture)warning: step_wavefracture struggling to converge
  (icepack_step_wavefracture)warning: step_wavefracture struggling to converge
  (icepack_step_wavefracture)warning: step_wavefracture struggling to converge
  (icepack_step_wavefracture)warning: step_wavefracture struggling to converge
  (icepack_step_wavefracture)warning: step_wavefracture struggling to converge
  (icepack_step_wavefracture)warning: step_wavefracture struggling to converge
  (icepack_step_wavefracture)warning: step_wavefracture struggling to converge
  (icepack_step_wavefracture)warning: step_wavefracture struggling to converge
  (icepack_step_wavefracture)warning: step_wavefracture struggling to converge
  (icepack_step_wavefracture)warning: step_wavefracture struggling to converge
  (icepack_step_wavefracture)warning: step_wavefracture struggling to converge
  (icepack_step_wavefracture)warning: step_wavefracture struggling to converge
  (icepack_step_wavefracture)warning: step_wavefracture struggling to converge
  (icepack_step_wavefracture)warning: step_wavefracture struggling to converge
  (icepack_step_wavefracture)warning: step_wavefracture struggling to converge
  (icepack_step_wavefracture)warning: step_wavefracture struggling to converge
  (icepack_step_wavefracture)warning: step_wavefracture struggling to converge
  (icepack_step_wavefracture)warning: step_wavefracture struggling to converge
  (icepack_step_wavefracture)warning: step_wavefracture struggling to converge
  (icepack_step_wavefracture)warning: step_wavefracture struggling to converge
  (icepack_step_wavefracture)warning: step_wavefracture struggling to converge
  (icepack_step_wavefracture)warning: step_wavefracture struggling to converge
  (icepack_step_wavefracture)warning: step_wavefracture struggling to converge
  (icepack_step_wavefracture)warning: step_wavefracture struggling to converge
  (icepack_step_wavefracture)warning: step_wavefracture struggling to converge
  (icepack_step_wavefracture)warning: step_wavefracture struggling to converge
  (icepack_step_wavefracture)warning: step_wavefracture struggling to converge
  (icepack_step_wavefracture)warning: step_wavefracture struggling to converge
  (icepack_step_wavefracture)warning: step_wavefracture struggling to converge
  (icepack_step_wavefracture)warning: step_wavefracture struggling to converge
  (icepack_step_wavefracture)warning: step_wavefracture struggling to converge
  (icepack_step_wavefracture)warning: step_wavefracture struggling to converge
  (icepack_step_wavefracture)warning: step_wavefracture struggling to converge
  (icepack_step_wavefracture)warning: step_wavefracture struggling to converge
  (icepack_step_wavefracture)warning: step_wavefracture struggling to converge
  (icepack_step_wavefracture)warning: step_wavefracture struggling to converge
  (icepack_step_wavefracture)warning: step_wavefracture struggling to converge
  (icepack_step_wavefracture)warning: step_wavefracture struggling to converge
  (icepack_step_wavefracture)warning: step_wavefracture struggling to converge
  (icepack_step_wavefracture)warning: step_wavefracture struggling to converge
  (icepack_step_wavefracture)warning: step_wavefracture struggling to converge
  (icepack_step_wavefracture)warning: step_wavefracture struggling to converge
  (icepack_step_wavefracture)warning: step_wavefracture struggling to converge
  (icepack_step_wavefracture)warning: step_wavefracture struggling to converge
  (icepack_step_wavefracture)warning: step_wavefracture struggling to converge
  (icepack_step_wavefracture)warning: step_wavefracture struggling to converge
  (icepack_step_wavefracture)warning: step_wavefracture struggling to converge
  (icepack_step_wavefracture)warning: step_wavefracture struggling to converge
  (icepack_step_wavefracture)warning: step_wavefracture struggling to converge
  (icepack_step_wavefracture)warning: step_wavefracture struggling to converge
  (icepack_step_wavefracture)warning: step_wavefracture struggling to converge
  (icepack_step_wavefracture)warning: step_wavefracture struggling to converge
  (icepack_step_wavefracture)warning: step_wavefracture struggling to converge
  (icepack_step_wavefracture)warning: step_wavefracture struggling to converge
  (icepack_step_wavefracture)warning: step_wavefracture struggling to converge
  (icepack_step_wavefracture)warning: step_wavefracture struggling to converge
  (icepack_step_wavefracture)warning: step_wavefracture struggling to converge
  (icepack_step_wavefracture)warning: step_wavefracture struggling to converge
  (icepack_step_wavefracture)warning: step_wavefracture struggling to converge
  (icepack_step_wavefracture)warning: step_wavefracture struggling to converge
  (icepack_step_wavefracture)warning: step_wavefracture struggling to converge
  (icepack_step_wavefracture)warning: step_wavefracture struggling to converge
  (icepack_step_wavefracture)warning: step_wavefracture struggling to converge
  (icepack_step_wavefracture)warning: step_wavefracture struggling to converge
  (icepack_step_wavefracture)warning: step_wavefracture struggling to converge
  (icepack_step_wavefracture)warning: step_wavefracture struggling to converge
  (icepack_step_wavefracture)warning: step_wavefracture struggling to converge
  (icepack_step_wavefracture)warning: step_wavefracture struggling to converge
  (icepack_step_wavefracture)warning: step_wavefracture struggling to converge
  (icepack_step_wavefracture)warning: step_wavefracture struggling to converge
  (icepack_step_wavefracture)warning: step_wavefracture struggling to converge
  (icepack_step_wavefracture)warning: step_wavefracture struggling to converge
  (icepack_step_wavefracture)warning: step_wavefracture struggling to converge
  (icepack_step_wavefracture)warning: step_wavefracture struggling to converge
  (icepack_step_wavefracture)warning: step_wavefracture struggling to converge
  (icepack_step_wavefracture)warning: step_wavefracture struggling to converge
  (icepack_step_wavefracture)warning: step_wavefracture struggling to converge
  (icepack_step_wavefracture)warning: step_wavefracture struggling to converge
  (icepack_step_wavefracture)warning: step_wavefracture struggling to converge
  (icepack_step_wavefracture)warning: step_wavefracture struggling to converge
  (icepack_step_wavefracture)warning: step_wavefracture struggling to converge
  (icepack_step_wavefracture)warning: step_wavefracture struggling to converge
  (icepack_step_wavefracture)warning: step_wavefracture struggling to converge
  (icepack_step_wavefracture)warning: step_wavefracture struggling to converge
  (icepack_step_wavefracture)warning: step_wavefracture struggling to converge
  (icepack_step_wavefracture)warning: step_wavefracture struggling to converge
  (icepack_step_wavefracture)warning: step_wavefracture struggling to converge
  (icepack_step_wavefracture)warning: step_wavefracture struggling to converge
  (icepack_step_wavefracture)warning: step_wavefracture struggling to converge
  (icepack_step_wavefracture)warning: step_wavefracture struggling to converge
  (icepack_step_wavefracture)warning: step_wavefracture struggling to converge
  (icepack_step_wavefracture)warning: step_wavefracture struggling to converge
  (icepack_step_wavefracture)warning: step_wavefracture struggling to converge
  (icepack_step_wavefracture)warning: step_wavefracture struggling to converge
  (icepack_step_wavefracture)warning: step_wavefracture struggling to converge
  (icepack_step_wavefracture)warning: step_wavefracture struggling to converge
  (icepack_step_wavefracture)warning: step_wavefracture struggling to converge
  (icepack_step_wavefracture)warning: step_wavefracture struggling to converge
  (icepack_step_wavefracture)warning: step_wavefracture struggling to converge
  (icepack_step_wavefracture)warning: step_wavefracture struggling to converge
  (icepack_step_wavefracture)warning: step_wavefracture struggling to converge
  (icepack_step_wavefracture)warning: step_wavefracture struggling to converge
  (icepack_step_wavefracture)warning: step_wavefracture struggling to converge
  (icepack_step_wavefracture)warning: step_wavefracture struggling to converge
  (icepack_step_wavefracture)warning: step_wavefracture struggling to converge
  (icepack_step_wavefracture)warning: step_wavefracture struggling to converge
  (icepack_step_wavefracture)warning: step_wavefracture struggling to converge
  (icepack_step_wavefracture)warning: step_wavefracture struggling to converge
  (icepack_step_wavefracture)warning: step_wavefracture struggling to converge
  (icepack_step_wavefracture)warning: step_wavefracture struggling to converge
  (icepack_step_wavefracture)warning: step_wavefracture struggling to converge
  (icepack_step_wavefracture)warning: step_wavefracture struggling to converge
  (icepack_step_wavefracture)warning: step_wavefracture struggling to converge
  (icepack_step_wavefracture)warning: step_wavefracture struggling to converge
  (icepack_step_wavefracture)warning: step_wavefracture struggling to converge
  (icepack_step_wavefracture)warning: step_wavefracture struggling to converge
  (icepack_step_wavefracture)warning: step_wavefracture struggling to converge
  (icepack_step_wavefracture)warning: step_wavefracture struggling to converge
  (icepack_step_wavefracture)warning: step_wavefracture struggling to converge
  (icepack_step_wavefracture)warning: step_wavefracture struggling to converge
  (icepack_step_wavefracture)warning: step_wavefracture struggling to converge
  (icepack_step_wavefracture)warning: step_wavefracture struggling to converge
  (icepack_step_wavefracture)warning: step_wavefracture struggling to converge
  (icepack_step_wavefracture)warning: step_wavefracture struggling to converge
  (icepack_step_wavefracture)warning: step_wavefracture struggling to converge
  (icepack_step_wavefracture)warning: step_wavefracture struggling to converge
